<?xml version="1.0" encoding="UTF-8"?>
<!-- Generated by org.testng.reporters.JUnitReportReporter -->
<testsuite hostname="DESKTOP-55O4248" failures="0" tests="1" name="testclass.logintest" time="9.881" errors="0" timestamp="2022-01-20T12:27:19 IST" skipped="0">
  <testcase classname="testclass.logintest" name="loginpagetest" time="9.881"/>
  <system-out/>
</testsuite> <!-- testclass.logintest -->
