<?xml version="1.0" encoding="UTF-8"?>
<!-- Generated by org.testng.reporters.JUnitReportReporter -->
<testsuite hostname="DESKTOP-55O4248" failures="0" tests="1" name="genriclib.basetest" time="35.688" errors="0" timestamp="2022-01-17T19:01:56 IST" skipped="0">
  <testcase classname="genriclib.basetest" name="openBrowser" time="35.688"/>
  <system-out/>
</testsuite> <!-- genriclib.basetest -->
